[2025-12-14 00:12:56,847][root][INFO] - agent: a2c
grpo:
  supervision_mode: outcome
  clip_eps: 0.1
  kl_coef: 0.005
  percentile_p: -1
  mean_reward_method: true
  reward_mode: sparse
ppo:
  lambda: 0.95
  normalize_adv: true
env:
  name: maze
  registered_version: Maze-v0
  network:
    num_channels:
    - 32
    - 32
    - 8
    policy_layers:
    - 64
    - 64
    value_layers:
    - 128
    - 128
  training:
    num_epochs: 100
    num_learner_steps_per_epoch: 500
    n_steps: 10
    total_batch_size: 128
  evaluation:
    eval_total_batch_size: 512
    greedy_eval_total_batch_size: 512
  a2c:
    normalize_advantage: false
    discount_factor: 0.99
    bootstrapping_factor: 0.95
    l_pg: 1.0
    l_td: 1.0
    l_en: 0.01
    learning_rate: 0.0003
seed: 0
logger:
  type: tensorboard
  project: grpo4co
  name: maze
  save_checkpoint: true

[2025-12-14 00:12:56,847][root][INFO] - {'devices': [CudaDevice(id=0)]}
[2025-12-14 00:12:57,062][root][INFO] - maze
[2025-12-14 00:13:07,611][root][INFO] - Starting logger.
[2025-12-14 04:20:49,427][root][INFO] - Saving checkpoint...
[2025-12-14 04:20:49,437][root][INFO] - Checkpoint saved at 'training_state'.
[2025-12-14 04:20:49,437][root][INFO] - Closing logger...
