[2025-10-16 12:49:32,503][root][INFO] - agent: a2c
grpo:
  supervision_mode: outcome
  clip_eps: 0.1
  normalize_adv: true
  kl_coef: 0.005
  num_policy_updates: 2
  repeats_per_instance: 8
ppo:
  lambda: 0.95
env:
  name: cvrp
  registered_version: CVRP-v1
  network:
    transformer_num_blocks: 2
    transformer_num_heads: 8
    transformer_key_size: 16
    transformer_mlp_units:
    - 512
    mean_nodes_in_query: true
  training:
    num_epochs: 1000
    num_learner_steps_per_epoch: 500
    n_steps: 20
    total_batch_size: 32
  evaluation:
    eval_total_batch_size: 10000
    greedy_eval_total_batch_size: 10000
  a2c:
    normalize_advantage: false
    discount_factor: 1.0
    bootstrapping_factor: 0.95
    l_pg: 1.0
    l_td: 1.0
    l_en: 0.005
    learning_rate: 0.0001
seed: 0
logger:
  type: tensorboard
  project: grpo4co
  name: cvrp
  save_checkpoint: true

[2025-10-16 12:49:32,504][root][INFO] - {'devices': [cuda(id=0)]}
[2025-10-16 12:49:32,769][root][INFO] - cvrp
[2025-10-16 12:49:38,372][root][INFO] - Starting logger.
[2025-10-16 23:09:12,560][root][INFO] - Saving checkpoint...
[2025-10-16 23:09:12,603][root][INFO] - Checkpoint saved at 'training_state'.
[2025-10-16 23:09:12,603][root][INFO] - Closing logger...
