[2025-10-17 01:32:30,046][root][INFO] - agent: grpo
grpo:
  supervision_mode: ppo
  clip_eps: 0.1
  normalize_adv: true
  kl_coef: 0.005
  num_policy_updates: 2
  repeats_per_instance: 8
ppo:
  lambda: 0.95
env:
  name: graph_coloring
  registered_version: GraphColoring-v0
  network:
    num_transformer_layers: 2
    transformer_num_heads: 8
    transformer_key_size: 16
    transformer_mlp_units:
    - 512
  training:
    num_epochs: 500
    num_learner_steps_per_epoch: 100
    n_steps: 20
    total_batch_size: 64
  evaluation:
    eval_total_batch_size: 50000
    greedy_eval_total_batch_size: 50000
  a2c:
    normalize_advantage: false
    discount_factor: 1.0
    bootstrapping_factor: 0.95
    l_pg: 1.0
    l_td: 1.0
    l_en: 0.01
    learning_rate: 0.0001
seed: 42
logger:
  type: tensorboard
  project: grpo4co
  name: grpo_graph_coloring
  save_checkpoint: true

[2025-10-17 01:32:30,046][root][INFO] - {'devices': [cuda(id=0)]}
[2025-10-17 01:32:30,265][root][INFO] - grpo_graph_coloring
[2025-10-17 01:32:35,030][root][INFO] - Starting logger.
[2025-10-17 12:59:44,509][root][INFO] - Saving checkpoint...
[2025-10-17 12:59:44,655][root][INFO] - Checkpoint saved at 'training_state'.
[2025-10-17 12:59:44,655][root][INFO] - Closing logger...
