[2025-11-03 14:52:47,130][root][INFO] - agent: ppo
grpo:
  supervision_mode: outcome
  clip_eps: 0.1
  kl_coef: 0.005
  kth_largest4percentile_method: -1
  mean_reward_method: true
ppo:
  lambda: 0.95
  normalize_adv: true
env:
  name: minesweeper
  registered_version: Minesweeper-v0
  network:
    board_embed_dim: 4
    board_conv_channels:
    - 8
    - 8
    - 8
    board_kernel_shape: 3
    num_mines_embed_dim: 4
    final_layer_dims:
    - 32
    - 32
  training:
    num_epochs: 100
    num_learner_steps_per_epoch: 50
    n_steps: 256
    total_batch_size: 20
  evaluation:
    eval_total_batch_size: 5000
    greedy_eval_total_batch_size: 5000
  a2c:
    normalize_advantage: false
    discount_factor: 0.99
    bootstrapping_factor: 0.95
    l_pg: 1.0
    l_td: 1.0
    l_en: 0.01
    learning_rate: 0.0003
seed: 0
logger:
  type: tensorboard
  project: grpo4co
  name: minesweeper
  save_checkpoint: true

[2025-11-03 14:52:47,130][root][INFO] - {'devices': [CudaDevice(id=0)]}
[2025-11-03 14:52:47,384][root][INFO] - minesweeper
[2025-11-03 14:52:53,246][root][INFO] - Starting logger.
[2025-11-03 16:00:10,640][root][INFO] - Saving checkpoint...
[2025-11-03 16:00:10,651][root][INFO] - Checkpoint saved at 'training_state'.
[2025-11-03 16:00:10,651][root][INFO] - Closing logger...
