[2025-10-30 17:51:47,495][root][INFO] - agent: grpo
grpo:
  supervision_mode: outcome
  clip_eps: 0.1
  kl_coef: 0.005
  kth_largest4percentile_method: -1
  mean_reward_method: true
ppo:
  lambda: 0.95
  normalize_adv: true
env:
  name: job_shop
  registered_version: JobShop-v0
  network:
    num_layers_machines: 1
    num_layers_operations: 1
    num_layers_joint_machines_jobs: 2
    transformer_num_heads: 8
    transformer_key_size: 16
    transformer_mlp_units:
    - 512
  training:
    num_epochs: 65
    num_learner_steps_per_epoch: 40
    n_steps: 1280
    total_batch_size: 5
  evaluation:
    eval_total_batch_size: 512
    greedy_eval_total_batch_size: 512
  a2c:
    normalize_advantage: false
    discount_factor: 0.99
    bootstrapping_factor: 0.95
    l_pg: 1.0
    l_td: 1.0
    l_en: 0.01
    learning_rate: 0.0001
seed: 0
logger:
  type: tensorboard
  project: grpo4co
  name: job_shop
  save_checkpoint: true

[2025-10-30 17:51:47,496][root][INFO] - {'devices': [cuda(id=0)]}
[2025-10-30 17:51:47,672][root][INFO] - job_shop
[2025-10-30 17:51:55,618][root][INFO] - Starting logger.
[2025-10-31 00:18:08,752][root][INFO] - Saving checkpoint...
[2025-10-31 00:18:08,823][root][INFO] - Checkpoint saved at 'training_state'.
[2025-10-31 00:18:08,823][root][INFO] - Closing logger...
