[2025-10-21 23:22:27,012][root][INFO] - agent: grpo
grpo:
  supervision_mode: ppo
  clip_eps: 0.1
  normalize_adv: true
  kl_coef: 0.005
  num_policy_updates: 2
  repeats_per_instance: 8
  max_episode_steps: 512
  chunk_len: 128
ppo:
  lambda: 0.95
env:
  registered_version: Game2048-v1
  name: game_2048
  network:
    num_channels: 32
    policy_layers:
    - 128
    - 128
    value_layers:
    - 256
    - 256
  a2c:
    normalize_advantage: false
    discount_factor: 0.99
    bootstrapping_factor: 0.95
    l_pg: 1.0
    l_td: 1.0
    l_en: 0.01
    learning_rate: 0.0002
  training:
    num_epochs: 100
    num_learner_steps_per_epoch: 600
    n_steps: 50
    total_batch_size: 32
    steps_per_epoch: None
    total_steps: None
  evaluation:
    eval_total_batch_size: 128
    greedy_eval_total_batch_size: 128
seed: 0
logger:
  type: tensorboard
  project: grpo4co
  name: a2c_2048
  save_checkpoint: true

[2025-10-21 23:22:27,012][root][INFO] - {'devices': [cuda(id=0)]}
[2025-10-21 23:22:27,191][root][INFO] - a2c_2048
[2025-10-21 23:22:32,616][root][INFO] - Starting logger.
[2025-10-22 05:10:57,913][root][INFO] - Saving checkpoint...
[2025-10-22 05:10:57,925][root][INFO] - Checkpoint saved at 'training_state'.
[2025-10-22 05:10:57,925][root][INFO] - Closing logger...
