[2025-12-14 12:33:43,960][root][INFO] - agent: grpo
grpo:
  supervision_mode: outcome
  clip_eps: 0.1
  kl_coef: 0.005
  percentile_p: -1
  mean_reward_method: true
  reward_mode: sparse
ppo:
  lambda: 0.95
  normalize_adv: true
env:
  name: bin_pack
  registered_version: BinPack-v2
  network:
    num_transformer_layers: 2
    transformer_num_heads: 8
    transformer_key_size: 16
    transformer_mlp_units:
    - 512
  training:
    num_epochs: 550
    num_learner_steps_per_epoch: 30
    n_steps: 200
    total_batch_size: 32
  evaluation:
    eval_total_batch_size: 10000
    greedy_eval_total_batch_size: 10000
  a2c:
    normalize_advantage: false
    discount_factor: 1.0
    bootstrapping_factor: 0.95
    l_pg: 1.0
    l_td: 1.0
    l_en: 0.005
    learning_rate: 0.0001
seed: 0
logger:
  type: tensorboard
  project: grpo4co
  name: bin_pack
  save_checkpoint: true

[2025-12-14 12:33:43,960][root][INFO] - {'devices': [CudaDevice(id=0)]}
[2025-12-14 12:33:44,179][root][INFO] - bin_pack
[2025-12-14 12:33:58,418][root][INFO] - Starting logger.
[2025-12-16 07:10:15,436][root][INFO] - Saving checkpoint...
[2025-12-16 07:10:15,576][root][INFO] - Checkpoint saved at 'training_state'.
[2025-12-16 07:10:15,576][root][INFO] - Closing logger...
