[2025-12-30 14:10:34,256][root][INFO] - agent: grpo
grpo:
  supervision_mode: outcome
  clip_eps: 0.1
  kl_coef: 0.005
  percentile_p: -1
  mean_reward_method: true
  reward_mode: dense
ppo:
  lambda: 0.95
  normalize_adv: true
env:
  name: tsp
  registered_version: TSP-v1
  network:
    transformer_num_blocks: 2
    transformer_num_heads: 8
    transformer_key_size: 16
    transformer_mlp_units:
    - 512
    mean_cities_in_query: true
  training:
    num_epochs: 1000
    num_learner_steps_per_epoch: 25
    n_steps: 400
    total_batch_size: 32
  evaluation:
    eval_total_batch_size: 10000
    greedy_eval_total_batch_size: 10000
  a2c:
    normalize_advantage: false
    discount_factor: 1.0
    bootstrapping_factor: 0.95
    l_pg: 1.0
    l_td: 1.0
    l_en: 0.005
    learning_rate: 0.0001
seed: 0
logger:
  type: tensorboard
  project: grpo4co
  name: tsp
  save_checkpoint: true

[2025-12-30 14:10:34,256][root][INFO] - {'devices': [CudaDevice(id=0)]}
[2025-12-30 14:10:34,488][root][INFO] - tsp
[2025-12-30 14:10:43,105][root][INFO] - Starting logger.
[2025-12-31 05:54:47,602][root][INFO] - Saving checkpoint...
[2025-12-31 05:54:47,650][root][INFO] - Checkpoint saved at 'training_state'.
[2025-12-31 05:54:47,650][root][INFO] - Closing logger...
